<?xml version="1.0" encoding="UTF-8"?>
<!-- Generated by org.testng.reporters.JUnitReportReporter -->
<testsuite hostname="EN1210542" failures="0" tests="1" name="streamsTutorial.Test1" time="0.013" errors="0" timestamp="2024-10-21T12:38:10 EEST" skipped="0">
  <testcase classname="streamsTutorial.Test1" name="streamCollect" time="0.013"/>
  <system-out/>
</testsuite> <!-- streamsTutorial.Test1 -->
